E:\C++\项目\CLASS\项目\STRING\STRING\DEBUG\MYSTRING.OBJ
E:\C++\项目\CLASS\项目\STRING\STRING\DEBUG\VC110.PDB
E:\C++\项目\CLASS\项目\STRING\DEBUG\STRING.ILK
E:\C++\项目\CLASS\项目\STRING\DEBUG\STRING.EXE
E:\C++\项目\CLASS\项目\STRING\DEBUG\STRING.PDB
E:\c++\项目\class\项目\String\String\Debug\MyString.obj
E:\c++\项目\class\项目\String\String\Debug\cl.command.1.tlog
E:\c++\项目\class\项目\String\String\Debug\CL.read.1.tlog
E:\c++\项目\class\项目\String\String\Debug\CL.write.1.tlog
E:\c++\项目\class\项目\String\String\Debug\link-cvtres.read.1.tlog
E:\c++\项目\class\项目\String\String\Debug\link-cvtres.write.1.tlog
E:\c++\项目\class\项目\String\String\Debug\link-rc.read.1.tlog
E:\c++\项目\class\项目\String\String\Debug\link-rc.write.1.tlog
E:\c++\项目\class\项目\String\String\Debug\link.command.1.tlog
E:\c++\项目\class\项目\String\String\Debug\link.read.1.tlog
E:\c++\项目\class\项目\String\String\Debug\link.write.1.tlog
E:\c++\项目\class\项目\String\String\Debug\vc110.idb
E:\c++\项目\class\项目\String\String\Debug\vc110.pdb
E:\c++\项目\class\项目\String\Debug\String.pdb
E:\c++\项目\class\项目\String\Debug\String.exe
E:\c++\项目\class\项目\String\Debug\String.ilk
